??  Remote Site Bluetooth Intrusion Detection
==================================================
Mode: ANY Bluetooth device = Alarm after 45 seconds
Press Ctrl+C to stop
==================================================
2025-08-28 11:52:30,021 - INFO - ? Using built-in Bluetooth (hci0) for detection
2025-08-28 11:52:30,023 - INFO - ? Ignoring local device: hci0 (88:A2:9E:11:07:1B)
2025-08-28 11:52:30,027 - INFO - Pi's Bluetooth MAC: 88:A2:9E:11:07:1B (will be ignored)
2025-08-28 11:52:30,029 - INFO - GPIO setup complete - Pin 18 ready
2025-08-28 11:52:30,030 - INFO - ??  Remote Site Bluetooth IDS Started
2025-08-28 11:52:30,030 - INFO - ??  Configuration: 45s trigger, 0s alarm duration
2025-08-28 11:52:30,030 - INFO - ? Monitoring for ANY Bluetooth devices...
2025-08-28 11:52:35,112 - INFO - ? FIRST DETECTION: 15 device(s) found
2025-08-28 11:52:35,117 - INFO -    Device: Unknown (3A:07:94:0F:C2:F3) - -72dBm
2025-08-28 11:52:35,118 - INFO -    Device: LE-Bose Flex SoundLink (65:46:E3:8E:07:15) - -53dBm
2025-08-28 11:52:35,119 - INFO -    Device: Unknown (0F:74:ED:5B:8E:40) - -81dBm
2025-08-28 11:52:35,120 - INFO -    Device: Unknown (16:F3:12:F1:50:0A) - -76dBm
2025-08-28 11:52:35,122 - INFO -    Device: Unknown (73:07:C1:8D:25:92) - -72dBm
2025-08-28 11:52:35,123 - INFO -    Device: Unknown (52:F5:11:91:23:D8) - -86dBm
2025-08-28 11:52:35,124 - INFO -    Device: Unknown (52:9C:8B:A3:B1:F0) - -87dBm
2025-08-28 11:52:35,124 - INFO -    Device: Unknown (5E:FC:45:DB:C8:0A) - -81dBm
2025-08-28 11:52:35,125 - INFO -    Device: Unknown (6A:CC:1C:7D:E0:6B) - -86dBm
2025-08-28 11:52:35,127 - INFO -    Device: BF405 (F2:13:EE:03:FC:04) - -81dBm
2025-08-28 11:52:35,127 - INFO -    Device: Unknown (C7:A0:45:EB:42:36) - -73dBm
2025-08-28 11:52:35,127 - INFO -    Device: Unknown (0E:62:BB:97:04:E5) - -95dBm
2025-08-28 11:52:35,128 - INFO -    Device: Unknown (FA:0E:BA:88:FB:B1) - -80dBm
2025-08-28 11:52:35,128 - INFO -    Device: Unknown (FD:2F:27:44:B2:BB) - -90dBm
2025-08-28 11:52:35,128 - INFO -    Device: Unknown (F2:27:6C:F0:5D:66) - -53dBm
2025-08-28 11:52:35,128 - INFO - ??  Devices present for 0.0s (trigger at 45s)
2025-08-28 11:52:43,142 - INFO - ??  Devices present for 8.0s (trigger at 45s)
2025-08-28 11:52:51,150 - INFO - ??  Devices present for 16.0s (trigger at 45s)
2025-08-28 11:52:59,162 - INFO - ??  Devices present for 24.1s (trigger at 45s)
2025-08-28 11:53:07,175 - INFO - ??  Devices present for 32.1s (trigger at 45s)
2025-08-28 11:53:15,187 - INFO - ??  Devices present for 40.1s (trigger at 45s)
2025-08-28 11:53:23,198 - INFO - ??  Devices present for 48.1s (trigger at 45s)
2025-08-28 11:53:23,198 - WARNING - ? ALARM TRIGGERED! 19 device(s) detected for 45+ seconds
2025-08-28 11:53:27,365 - INFO - ? Email alert sent!
2025-08-28 11:53:31,054 - INFO - ? Voice call sent to 0409991376
2025-08-28 11:53:31,055 - INFO - ? Voice alerts completed: 1 calls sent
2025-08-28 11:53:34,801 - INFO - ? Additional email sent to a.darr@hotmail.com
2025-08-28 11:53:38,537 - INFO - ? Additional email sent to rebelandandrew2@gmail.com
2025-08-28 11:53:38,538 - INFO - ? Additional emails completed: 2 emails sent
2025-08-28 11:53:38,967 - INFO - Home base notified successfully
