nohup: ignoring input
2025-09-07 17:34:31,806 - INFO - GPIO setup complete - Pin 18 ready
2025-09-07 17:34:31,806 - INFO - 🔥  Remote Site Bluetooth IDS Started
2025-09-07 17:34:31,806 - INFO - ⚙️  Configuration: 45s trigger, 0s alarm duration
2025-09-07 17:34:31,807 - INFO - 👀 Monitoring for Bluetooth devices...
2025-09-07 17:39:08,982 - INFO - Pi's Bluetooth MAC: 88:A2:9E:11:07:1B (will be ignored)
2025-09-07 17:39:08,983 - INFO - 🔍 FIRST DETECTION: 13 device(s) found
2025-09-07 17:39:08,983 - INFO -    Device: Unknown (7F:D2:61:27:07:B3) - -100dBm
2025-09-07 17:39:08,984 - INFO -    Device: Unknown (33:B5:28:E7:FF:43) - -100dBm
2025-09-07 17:39:08,984 - INFO -    Device: Unknown (4D:D9:9A:2D:4E:D4) - -100dBm
2025-09-07 17:39:08,984 - INFO -    Device: Unknown (55:BD:D7:3B:40:3A) - -100dBm
2025-09-07 17:39:08,984 - INFO -    Device: Unknown (2D:B1:95:3E:BA:53) - -100dBm
2025-09-07 17:39:08,985 - INFO -    Device: Unknown (4F:8D:74:42:A7:E5) - -100dBm
2025-09-07 17:39:08,985 - INFO -    Device: Unknown (7C:1F:80:7D:09:3C) - -100dBm
2025-09-07 17:39:08,985 - INFO -    Device: Unknown (15:62:98:DB:0C:72) - -100dBm
2025-09-07 17:39:08,985 - INFO -    Device: Unknown (4A:10:06:61:DB:D5) - -100dBm
2025-09-07 17:39:08,986 - INFO -    Device: Unknown (79:FA:8D:D1:D0:54) - -100dBm
2025-09-07 17:39:08,986 - INFO -    Device: Unknown (C3:41:1C:62:E9:AC) - -100dBm
2025-09-07 17:39:08,986 - INFO -    Device: Unknown (EE:52:DE:AE:53:9F) - -100dBm
2025-09-07 17:39:08,986 - INFO -    Device: Unknown (DE:D1:C9:16:9D:46) - -100dBm
2025-09-07 17:39:08,987 - INFO - ⏱️  Devices present for 0.0s (trigger at 45s)
2025-09-07 17:39:22,172 - INFO - Pi's Bluetooth MAC: 88:A2:9E:11:07:1B (will be ignored)
2025-09-07 17:39:22,173 - INFO - ⏱️  Devices present for 13.2s (trigger at 45s)
2025-09-07 17:39:35,380 - INFO - Pi's Bluetooth MAC: 88:A2:9E:11:07:1B (will be ignored)
2025-09-07 17:39:35,380 - INFO - ⏱️  Devices present for 26.4s (trigger at 45s)
2025-09-07 17:39:48,622 - INFO - Pi's Bluetooth MAC: 88:A2:9E:11:07:1B (will be ignored)
2025-09-07 17:39:48,623 - INFO - ⏱️  Devices present for 39.6s (trigger at 45s)
2025-09-07 17:40:01,864 - INFO - Pi's Bluetooth MAC: 88:A2:9E:11:07:1B (will be ignored)
2025-09-07 17:40:01,864 - INFO - ⏱️  Devices present for 52.9s (trigger at 45s)
2025-09-07 17:40:01,865 - WARNING - 🚨 ALARM TRIGGERED! 12 device(s) detected for 45+ seconds
2025-09-07 17:40:05,707 - INFO - 📧 Email alert sent!
2025-09-07 17:40:07,080 - INFO - 📞 Voice call sent to 0409991376
2025-09-07 17:40:07,081 - INFO - 📞 Voice alerts completed: 1 calls sent
2025-09-07 17:40:11,121 - INFO - 📧 Additional email sent to a.darr@hotmail.com
2025-09-07 17:40:15,120 - INFO - 📧 Additional email sent to rebelandandrew2@gmail.com
2025-09-07 17:40:15,120 - INFO - 📧 Additional emails completed: 2 emails sent
2025-09-07 17:40:28,310 - INFO - Pi's Bluetooth MAC: 88:A2:9E:11:07:1B (will be ignored)
2025-09-07 17:40:41,488 - INFO - Pi's Bluetooth MAC: 88:A2:9E:11:07:1B (will be ignored)
2025-09-07 17:40:54,673 - INFO - Pi's Bluetooth MAC: 88:A2:9E:11:07:1B (will be ignored)
2025-09-07 17:41:07,854 - INFO - Pi's Bluetooth MAC: 88:A2:9E:11:07:1B (will be ignored)
2025-09-07 17:41:21,035 - INFO - Pi's Bluetooth MAC: 88:A2:9E:11:07:1B (will be ignored)
2025-09-07 17:41:34,211 - INFO - Pi's Bluetooth MAC: 88:A2:9E:11:07:1B (will be ignored)
2025-09-07 17:41:47,387 - INFO - Pi's Bluetooth MAC: 88:A2:9E:11:07:1B (will be ignored)
2025-09-07 17:42:00,560 - INFO - Pi's Bluetooth MAC: 88:A2:9E:11:07:1B (will be ignored)
2025-09-07 17:42:13,736 - INFO - Pi's Bluetooth MAC: 88:A2:9E:11:07:1B (will be ignored)
2025-09-07 17:42:26,907 - INFO - Pi's Bluetooth MAC: 88:A2:9E:11:07:1B (will be ignored)
2025-09-07 17:42:40,093 - INFO - Pi's Bluetooth MAC: 88:A2:9E:11:07:1B (will be ignored)
2025-09-07 17:42:53,283 - INFO - Pi's Bluetooth MAC: 88:A2:9E:11:07:1B (will be ignored)
2025-09-07 17:43:06,483 - INFO - Pi's Bluetooth MAC: 88:A2:9E:11:07:1B (will be ignored)
2025-09-07 17:43:19,744 - INFO - Pi's Bluetooth MAC: 88:A2:9E:11:07:1B (will be ignored)
2025-09-07 17:43:32,991 - INFO - Pi's Bluetooth MAC: 88:A2:9E:11:07:1B (will be ignored)
2025-09-07 17:43:46,236 - INFO - Pi's Bluetooth MAC: 88:A2:9E:11:07:1B (will be ignored)
2025-09-07 17:43:59,470 - INFO - Pi's Bluetooth MAC: 88:A2:9E:11:07:1B (will be ignored)
2025-09-07 17:44:12,736 - INFO - Pi's Bluetooth MAC: 88:A2:9E:11:07:1B (will be ignored)
2025-09-07 17:44:25,970 - INFO - Pi's Bluetooth MAC: 88:A2:9E:11:07:1B (will be ignored)
2025-09-07 17:44:39,246 - INFO - Pi's Bluetooth MAC: 88:A2:9E:11:07:1B (will be ignored)
2025-09-07 17:44:52,501 - INFO - Pi's Bluetooth MAC: 88:A2:9E:11:07:1B (will be ignored)
2025-09-07 17:45:05,759 - INFO - Pi's Bluetooth MAC: 88:A2:9E:11:07:1B (will be ignored)
2025-09-07 17:45:19,021 - INFO - Pi's Bluetooth MAC: 88:A2:9E:11:07:1B (will be ignored)
2025-09-07 17:45:32,286 - INFO - Pi's Bluetooth MAC: 88:A2:9E:11:07:1B (will be ignored)
2025-09-07 17:45:45,537 - INFO - Pi's Bluetooth MAC: 88:A2:9E:11:07:1B (will be ignored)
2025-09-07 17:45:58,796 - INFO - Pi's Bluetooth MAC: 88:A2:9E:11:07:1B (will be ignored)
2025-09-07 17:46:12,035 - INFO - Pi's Bluetooth MAC: 88:A2:9E:11:07:1B (will be ignored)
2025-09-07 17:46:25,291 - INFO - Pi's Bluetooth MAC: 88:A2:9E:11:07:1B (will be ignored)
2025-09-07 17:46:38,554 - INFO - Pi's Bluetooth MAC: 88:A2:9E:11:07:1B (will be ignored)
2025-09-07 17:46:51,818 - INFO - Pi's Bluetooth MAC: 88:A2:9E:11:07:1B (will be ignored)
2025-09-07 17:47:05,077 - INFO - Pi's Bluetooth MAC: 88:A2:9E:11:07:1B (will be ignored)
2025-09-07 17:47:18,347 - INFO - Pi's Bluetooth MAC: 88:A2:9E:11:07:1B (will be ignored)
2025-09-07 17:47:31,607 - INFO - Pi's Bluetooth MAC: 88:A2:9E:11:07:1B (will be ignored)
2025-09-07 17:47:44,873 - INFO - Pi's Bluetooth MAC: 88:A2:9E:11:07:1B (will be ignored)
2025-09-07 17:47:58,152 - INFO - Pi's Bluetooth MAC: 88:A2:9E:11:07:1B (will be ignored)
2025-09-07 17:48:11,397 - INFO - Pi's Bluetooth MAC: 88:A2:9E:11:07:1B (will be ignored)
2025-09-07 17:48:24,635 - INFO - Pi's Bluetooth MAC: 88:A2:9E:11:07:1B (will be ignored)
2025-09-07 17:48:37,898 - INFO - Pi's Bluetooth MAC: 88:A2:9E:11:07:1B (will be ignored)
2025-09-07 17:48:51,131 - INFO - Pi's Bluetooth MAC: 88:A2:9E:11:07:1B (will be ignored)
2025-09-07 17:49:04,389 - INFO - Pi's Bluetooth MAC: 88:A2:9E:11:07:1B (will be ignored)
2025-09-07 17:49:17,659 - INFO - Pi's Bluetooth MAC: 88:A2:9E:11:07:1B (will be ignored)
2025-09-07 17:49:30,919 - INFO - Pi's Bluetooth MAC: 88:A2:9E:11:07:1B (will be ignored)
2025-09-07 17:49:44,175 - INFO - Pi's Bluetooth MAC: 88:A2:9E:11:07:1B (will be ignored)
2025-09-07 17:49:57,440 - INFO - Pi's Bluetooth MAC: 88:A2:9E:11:07:1B (will be ignored)
2025-09-07 17:50:10,698 - INFO - Pi's Bluetooth MAC: 88:A2:9E:11:07:1B (will be ignored)
2025-09-07 17:50:23,935 - INFO - Pi's Bluetooth MAC: 88:A2:9E:11:07:1B (will be ignored)
2025-09-07 17:50:37,173 - INFO - Pi's Bluetooth MAC: 88:A2:9E:11:07:1B (will be ignored)
2025-09-07 17:50:50,443 - INFO - Pi's Bluetooth MAC: 88:A2:9E:11:07:1B (will be ignored)
2025-09-07 17:51:03,677 - INFO - Pi's Bluetooth MAC: 88:A2:9E:11:07:1B (will be ignored)
2025-09-07 17:51:16,941 - INFO - Pi's Bluetooth MAC: 88:A2:9E:11:07:1B (will be ignored)
2025-09-07 17:51:30,189 - INFO - Pi's Bluetooth MAC: 88:A2:9E:11:07:1B (will be ignored)
2025-09-07 17:51:43,450 - INFO - Pi's Bluetooth MAC: 88:A2:9E:11:07:1B (will be ignored)
2025-09-07 17:51:56,723 - INFO - Pi's Bluetooth MAC: 88:A2:9E:11:07:1B (will be ignored)
2025-09-07 17:52:09,981 - INFO - Pi's Bluetooth MAC: 88:A2:9E:11:07:1B (will be ignored)
2025-09-07 17:52:23,237 - INFO - Pi's Bluetooth MAC: 88:A2:9E:11:07:1B (will be ignored)
2025-09-07 17:52:36,482 - INFO - Pi's Bluetooth MAC: 88:A2:9E:11:07:1B (will be ignored)
2025-09-07 17:52:49,750 - INFO - Pi's Bluetooth MAC: 88:A2:9E:11:07:1B (will be ignored)
2025-09-07 17:53:03,009 - INFO - Pi's Bluetooth MAC: 88:A2:9E:11:07:1B (will be ignored)
2025-09-07 17:53:16,256 - INFO - Pi's Bluetooth MAC: 88:A2:9E:11:07:1B (will be ignored)
2025-09-07 17:53:29,525 - INFO - Pi's Bluetooth MAC: 88:A2:9E:11:07:1B (will be ignored)
2025-09-07 17:53:42,785 - INFO - Pi's Bluetooth MAC: 88:A2:9E:11:07:1B (will be ignored)
2025-09-07 17:53:56,050 - INFO - Pi's Bluetooth MAC: 88:A2:9E:11:07:1B (will be ignored)
2025-09-07 17:54:09,282 - INFO - Pi's Bluetooth MAC: 88:A2:9E:11:07:1B (will be ignored)
2025-09-07 17:54:22,538 - INFO - Pi's Bluetooth MAC: 88:A2:9E:11:07:1B (will be ignored)
2025-09-07 17:54:35,811 - INFO - Pi's Bluetooth MAC: 88:A2:9E:11:07:1B (will be ignored)
2025-09-07 17:54:49,045 - INFO - Pi's Bluetooth MAC: 88:A2:9E:11:07:1B (will be ignored)
2025-09-07 17:55:02,295 - INFO - Pi's Bluetooth MAC: 88:A2:9E:11:07:1B (will be ignored)
2025-09-07 17:55:15,555 - INFO - Pi's Bluetooth MAC: 88:A2:9E:11:07:1B (will be ignored)
2025-09-07 17:55:28,817 - INFO - Pi's Bluetooth MAC: 88:A2:9E:11:07:1B (will be ignored)
2025-09-07 17:55:42,105 - INFO - Pi's Bluetooth MAC: 88:A2:9E:11:07:1B (will be ignored)
2025-09-07 17:55:55,368 - INFO - Pi's Bluetooth MAC: 88:A2:9E:11:07:1B (will be ignored)
2025-09-07 17:56:08,624 - INFO - Pi's Bluetooth MAC: 88:A2:9E:11:07:1B (will be ignored)
2025-09-07 17:56:21,882 - INFO - Pi's Bluetooth MAC: 88:A2:9E:11:07:1B (will be ignored)
2025-09-07 17:56:35,136 - INFO - Pi's Bluetooth MAC: 88:A2:9E:11:07:1B (will be ignored)
2025-09-07 17:56:48,412 - INFO - Pi's Bluetooth MAC: 88:A2:9E:11:07:1B (will be ignored)
2025-09-07 17:57:01,677 - INFO - Pi's Bluetooth MAC: 88:A2:9E:11:07:1B (will be ignored)
2025-09-07 17:57:14,936 - INFO - Pi's Bluetooth MAC: 88:A2:9E:11:07:1B (will be ignored)
2025-09-07 17:57:28,195 - INFO - Pi's Bluetooth MAC: 88:A2:9E:11:07:1B (will be ignored)
2025-09-07 17:57:41,461 - INFO - Pi's Bluetooth MAC: 88:A2:9E:11:07:1B (will be ignored)
2025-09-07 17:57:54,723 - INFO - Pi's Bluetooth MAC: 88:A2:9E:11:07:1B (will be ignored)
2025-09-07 17:58:07,993 - INFO - Pi's Bluetooth MAC: 88:A2:9E:11:07:1B (will be ignored)
2025-09-07 17:58:21,231 - INFO - Pi's Bluetooth MAC: 88:A2:9E:11:07:1B (will be ignored)
2025-09-07 17:58:34,485 - INFO - Pi's Bluetooth MAC: 88:A2:9E:11:07:1B (will be ignored)
2025-09-07 17:58:47,752 - INFO - Pi's Bluetooth MAC: 88:A2:9E:11:07:1B (will be ignored)
2025-09-07 17:59:00,985 - INFO - Pi's Bluetooth MAC: 88:A2:9E:11:07:1B (will be ignored)
2025-09-07 17:59:14,213 - INFO - Pi's Bluetooth MAC: 88:A2:9E:11:07:1B (will be ignored)
2025-09-07 17:59:27,458 - INFO - Pi's Bluetooth MAC: 88:A2:9E:11:07:1B (will be ignored)
2025-09-07 17:59:40,740 - INFO - Pi's Bluetooth MAC: 88:A2:9E:11:07:1B (will be ignored)
2025-09-07 17:59:54,000 - INFO - Pi's Bluetooth MAC: 88:A2:9E:11:07:1B (will be ignored)
2025-09-07 18:00:07,264 - INFO - Pi's Bluetooth MAC: 88:A2:9E:11:07:1B (will be ignored)
2025-09-07 18:00:15,491 - INFO - 🔓 System disarmed - clearing detection state
2025-09-07 18:00:15,494 - INFO - 🔇 Alarm stopped
2025-09-07 18:33:00,117 - INFO - Pi's Bluetooth MAC: 88:A2:9E:11:07:1B (will be ignored)
2025-09-07 18:33:00,118 - INFO - 🔍 FIRST DETECTION: 12 device(s) found
2025-09-07 18:33:00,118 - INFO -    Device: Unknown (1B:2B:A9:4E:AC:83) - -100dBm
2025-09-07 18:33:00,119 - INFO -    Device: Unknown (67:27:AC:12:01:5D) - -100dBm
2025-09-07 18:33:00,119 - INFO -    Device: Unknown (10:A7:E5:21:D4:CC) - -100dBm
2025-09-07 18:33:00,119 - INFO -    Device: Unknown (4C:02:42:81:BC:61) - -100dBm
2025-09-07 18:33:00,120 - INFO -    Device: Unknown (5F:5A:B7:A8:38:DE) - -100dBm
2025-09-07 18:33:00,120 - INFO -    Device: Unknown (4E:93:1D:B5:A2:28) - -100dBm
2025-09-07 18:33:00,120 - INFO -    Device: Unknown (69:F6:64:B1:78:33) - -100dBm
2025-09-07 18:33:00,120 - INFO -    Device: Unknown (2B:37:96:66:6F:18) - -100dBm
2025-09-07 18:33:00,121 - INFO -    Device: Unknown (65:8A:EB:63:1C:22) - -100dBm
2025-09-07 18:33:00,121 - INFO -    Device: Unknown (EE:52:DE:AE:53:9F) - -100dBm
2025-09-07 18:33:00,121 - INFO -    Device: Unknown (D3:29:80:22:AA:1C) - -100dBm
2025-09-07 18:33:00,122 - INFO -    Device: Unknown (C3:41:1C:62:E9:AC) - -100dBm
2025-09-07 18:33:00,122 - INFO - ⏱️  Devices present for 0.0s (trigger at 45s)
2025-09-07 18:33:13,381 - INFO - Pi's Bluetooth MAC: 88:A2:9E:11:07:1B (will be ignored)
2025-09-07 18:33:13,382 - INFO - ⏱️  Devices present for 13.3s (trigger at 45s)
2025-09-07 18:33:26,634 - INFO - Pi's Bluetooth MAC: 88:A2:9E:11:07:1B (will be ignored)
2025-09-07 18:33:26,635 - INFO - ⏱️  Devices present for 26.5s (trigger at 45s)
2025-09-07 18:33:39,822 - INFO - Pi's Bluetooth MAC: 88:A2:9E:11:07:1B (will be ignored)
2025-09-07 18:33:39,823 - INFO - ⏱️  Devices present for 39.7s (trigger at 45s)
2025-09-07 18:33:53,015 - INFO - Pi's Bluetooth MAC: 88:A2:9E:11:07:1B (will be ignored)
2025-09-07 18:33:53,017 - INFO - ⏱️  Devices present for 52.9s (trigger at 45s)
2025-09-07 18:33:53,018 - WARNING - 🚨 ALARM TRIGGERED! 13 device(s) detected for 45+ seconds
2025-09-07 18:33:57,603 - INFO - 📧 Email alert sent!
2025-09-07 18:33:59,187 - INFO - 📞 Voice call sent to 0409991376
2025-09-07 18:33:59,187 - INFO - 📞 Voice alerts completed: 1 calls sent
2025-09-07 18:34:03,162 - INFO - 📧 Additional email sent to a.darr@hotmail.com
2025-09-07 18:34:07,286 - INFO - 📧 Additional email sent to rebelandandrew2@gmail.com
2025-09-07 18:34:07,287 - INFO - 📧 Additional emails completed: 2 emails sent
2025-09-07 18:34:20,473 - INFO - Pi's Bluetooth MAC: 88:A2:9E:11:07:1B (will be ignored)
2025-09-07 18:34:33,647 - INFO - Pi's Bluetooth MAC: 88:A2:9E:11:07:1B (will be ignored)
2025-09-07 18:34:46,826 - INFO - Pi's Bluetooth MAC: 88:A2:9E:11:07:1B (will be ignored)
2025-09-07 18:35:00,000 - INFO - Pi's Bluetooth MAC: 88:A2:9E:11:07:1B (will be ignored)
2025-09-07 18:35:13,178 - INFO - Pi's Bluetooth MAC: 88:A2:9E:11:07:1B (will be ignored)
2025-09-07 18:35:26,369 - INFO - Pi's Bluetooth MAC: 88:A2:9E:11:07:1B (will be ignored)
2025-09-07 18:35:39,549 - INFO - Pi's Bluetooth MAC: 88:A2:9E:11:07:1B (will be ignored)
2025-09-07 18:35:52,720 - INFO - Pi's Bluetooth MAC: 88:A2:9E:11:07:1B (will be ignored)
2025-09-07 18:36:05,902 - INFO - Pi's Bluetooth MAC: 88:A2:9E:11:07:1B (will be ignored)
2025-09-07 18:36:19,079 - INFO - Pi's Bluetooth MAC: 88:A2:9E:11:07:1B (will be ignored)
2025-09-07 18:36:32,255 - INFO - Pi's Bluetooth MAC: 88:A2:9E:11:07:1B (will be ignored)
2025-09-07 18:36:45,435 - INFO - Pi's Bluetooth MAC: 88:A2:9E:11:07:1B (will be ignored)
2025-09-07 18:36:58,614 - INFO - Pi's Bluetooth MAC: 88:A2:9E:11:07:1B (will be ignored)
2025-09-07 18:37:11,802 - INFO - Pi's Bluetooth MAC: 88:A2:9E:11:07:1B (will be ignored)
2025-09-07 18:37:24,985 - INFO - Pi's Bluetooth MAC: 88:A2:9E:11:07:1B (will be ignored)
2025-09-07 18:37:38,232 - INFO - Pi's Bluetooth MAC: 88:A2:9E:11:07:1B (will be ignored)
2025-09-07 18:37:51,473 - INFO - Pi's Bluetooth MAC: 88:A2:9E:11:07:1B (will be ignored)
2025-09-07 18:38:04,794 - INFO - Pi's Bluetooth MAC: 88:A2:9E:11:07:1B (will be ignored)
2025-09-07 18:38:18,054 - INFO - Pi's Bluetooth MAC: 88:A2:9E:11:07:1B (will be ignored)
2025-09-07 18:38:31,311 - INFO - Pi's Bluetooth MAC: 88:A2:9E:11:07:1B (will be ignored)
2025-09-07 18:38:44,561 - INFO - Pi's Bluetooth MAC: 88:A2:9E:11:07:1B (will be ignored)
2025-09-07 18:38:57,824 - INFO - Pi's Bluetooth MAC: 88:A2:9E:11:07:1B (will be ignored)
2025-09-07 18:39:11,082 - INFO - Pi's Bluetooth MAC: 88:A2:9E:11:07:1B (will be ignored)
2025-09-07 18:39:24,323 - INFO - Pi's Bluetooth MAC: 88:A2:9E:11:07:1B (will be ignored)
2025-09-07 18:39:37,586 - INFO - Pi's Bluetooth MAC: 88:A2:9E:11:07:1B (will be ignored)
2025-09-07 18:39:50,837 - INFO - Pi's Bluetooth MAC: 88:A2:9E:11:07:1B (will be ignored)
2025-09-07 18:40:04,109 - INFO - Pi's Bluetooth MAC: 88:A2:9E:11:07:1B (will be ignored)
2025-09-07 18:40:17,349 - INFO - Pi's Bluetooth MAC: 88:A2:9E:11:07:1B (will be ignored)
2025-09-07 18:40:30,578 - INFO - Pi's Bluetooth MAC: 88:A2:9E:11:07:1B (will be ignored)
2025-09-07 18:40:43,848 - INFO - Pi's Bluetooth MAC: 88:A2:9E:11:07:1B (will be ignored)
2025-09-07 18:40:57,093 - INFO - Pi's Bluetooth MAC: 88:A2:9E:11:07:1B (will be ignored)
2025-09-07 18:41:10,341 - INFO - Pi's Bluetooth MAC: 88:A2:9E:11:07:1B (will be ignored)
2025-09-07 18:41:23,607 - INFO - Pi's Bluetooth MAC: 88:A2:9E:11:07:1B (will be ignored)
2025-09-07 18:41:36,840 - INFO - Pi's Bluetooth MAC: 88:A2:9E:11:07:1B (will be ignored)
2025-09-07 18:41:50,075 - INFO - Pi's Bluetooth MAC: 88:A2:9E:11:07:1B (will be ignored)
2025-09-07 18:42:03,336 - INFO - Pi's Bluetooth MAC: 88:A2:9E:11:07:1B (will be ignored)
2025-09-07 18:42:16,608 - INFO - Pi's Bluetooth MAC: 88:A2:9E:11:07:1B (will be ignored)
2025-09-07 18:42:29,873 - INFO - Pi's Bluetooth MAC: 88:A2:9E:11:07:1B (will be ignored)
2025-09-07 18:42:43,117 - INFO - Pi's Bluetooth MAC: 88:A2:9E:11:07:1B (will be ignored)
2025-09-07 18:42:56,377 - INFO - Pi's Bluetooth MAC: 88:A2:9E:11:07:1B (will be ignored)
2025-09-07 18:43:09,626 - INFO - Pi's Bluetooth MAC: 88:A2:9E:11:07:1B (will be ignored)
2025-09-07 18:43:22,888 - INFO - Pi's Bluetooth MAC: 88:A2:9E:11:07:1B (will be ignored)
2025-09-07 18:43:36,146 - INFO - Pi's Bluetooth MAC: 88:A2:9E:11:07:1B (will be ignored)
2025-09-07 18:43:49,390 - INFO - Pi's Bluetooth MAC: 88:A2:9E:11:07:1B (will be ignored)
2025-09-07 18:44:02,647 - INFO - Pi's Bluetooth MAC: 88:A2:9E:11:07:1B (will be ignored)
2025-09-07 18:44:15,926 - INFO - Pi's Bluetooth MAC: 88:A2:9E:11:07:1B (will be ignored)
2025-09-07 18:44:29,175 - INFO - Pi's Bluetooth MAC: 88:A2:9E:11:07:1B (will be ignored)
2025-09-07 18:44:42,430 - INFO - Pi's Bluetooth MAC: 88:A2:9E:11:07:1B (will be ignored)
2025-09-07 18:44:55,676 - INFO - Pi's Bluetooth MAC: 88:A2:9E:11:07:1B (will be ignored)
2025-09-07 18:45:08,886 - INFO - Pi's Bluetooth MAC: 88:A2:9E:11:07:1B (will be ignored)
2025-09-07 18:45:22,147 - INFO - Pi's Bluetooth MAC: 88:A2:9E:11:07:1B (will be ignored)
2025-09-07 18:45:35,406 - INFO - Pi's Bluetooth MAC: 88:A2:9E:11:07:1B (will be ignored)
2025-09-07 18:45:48,658 - INFO - Pi's Bluetooth MAC: 88:A2:9E:11:07:1B (will be ignored)
2025-09-07 18:46:01,907 - INFO - Pi's Bluetooth MAC: 88:A2:9E:11:07:1B (will be ignored)
2025-09-07 18:46:15,143 - INFO - Pi's Bluetooth MAC: 88:A2:9E:11:07:1B (will be ignored)
2025-09-07 18:46:28,399 - INFO - Pi's Bluetooth MAC: 88:A2:9E:11:07:1B (will be ignored)
2025-09-07 18:46:41,643 - INFO - Pi's Bluetooth MAC: 88:A2:9E:11:07:1B (will be ignored)
2025-09-07 18:46:54,903 - INFO - Pi's Bluetooth MAC: 88:A2:9E:11:07:1B (will be ignored)
2025-09-07 18:47:08,161 - INFO - Pi's Bluetooth MAC: 88:A2:9E:11:07:1B (will be ignored)
2025-09-07 18:47:21,417 - INFO - Pi's Bluetooth MAC: 88:A2:9E:11:07:1B (will be ignored)
2025-09-07 18:47:34,657 - INFO - Pi's Bluetooth MAC: 88:A2:9E:11:07:1B (will be ignored)
2025-09-07 18:47:47,934 - INFO - Pi's Bluetooth MAC: 88:A2:9E:11:07:1B (will be ignored)
2025-09-07 18:48:01,175 - INFO - Pi's Bluetooth MAC: 88:A2:9E:11:07:1B (will be ignored)
2025-09-07 18:48:14,432 - INFO - Pi's Bluetooth MAC: 88:A2:9E:11:07:1B (will be ignored)
2025-09-07 18:48:27,691 - INFO - Pi's Bluetooth MAC: 88:A2:9E:11:07:1B (will be ignored)
2025-09-07 18:48:40,942 - INFO - Pi's Bluetooth MAC: 88:A2:9E:11:07:1B (will be ignored)
2025-09-07 18:48:54,200 - INFO - Pi's Bluetooth MAC: 88:A2:9E:11:07:1B (will be ignored)
2025-09-07 18:49:07,467 - INFO - Pi's Bluetooth MAC: 88:A2:9E:11:07:1B (will be ignored)
2025-09-07 18:49:20,717 - INFO - Pi's Bluetooth MAC: 88:A2:9E:11:07:1B (will be ignored)
2025-09-07 18:49:33,977 - INFO - Pi's Bluetooth MAC: 88:A2:9E:11:07:1B (will be ignored)
2025-09-07 18:49:36,501 - INFO - Received shutdown signal...
2025-09-07 18:49:36,502 - INFO - 🔥 Shutting down Remote Site IDS...
2025-09-07 18:49:36,502 - INFO - 🔇 Alarm stopped
2025-09-07 18:49:36,502 - INFO - Shutdown complete
🔥  Remote Site Bluetooth Intrusion Detection
==================================================
Mode: Respects web dashboard ARM/DISARM state
Press Ctrl+C to stop
==================================================
- INFO - Pi's Bluetooth MAC: 88:A2:9E:11:07:1B (will be ignored)
2025-09-07 18:36:58,484 - INFO - Pi's Bluetooth MAC: 88:A2:9E:11:07:1B (will be ignored)
2025-09-07 18:37:11,724 - INFO - Pi's Bluetooth MAC: 88:A2:9E:11:07:1B (will be ignored)
2025-09-07 18:37:24,956 - INFO - Pi's Bluetooth MAC: 88:A2:9E:11:07:1B (will be ignored)
2025-09-07 18:37:38,226 - INFO - Pi's Bluetooth MAC: 88:A2:9E:11:07:1B (will be ignored)
2025-09-07 18:37:51,474 - INFO - Pi's Bluetooth MAC: 88:A2:9E:11:07:1B (will be ignored)
2025-09-07 18:38:04,792 - INFO - Pi's Bluetooth MAC: 88:A2:9E:11:07:1B (will be ignored)
2025-09-07 18:38:18,051 - INFO - Pi's Bluetooth MAC: 88:A2:9E:11:07:1B (will be ignored)
2025-09-07 18:38:31,312 - INFO - Pi's Bluetooth MAC: 88:A2:9E:11:07:1B (will be ignored)
2025-09-07 18:38:44,563 - INFO - Pi's Bluetooth MAC: 88:A2:9E:11:07:1B (will be ignored)
2025-09-07 18:38:57,835 - INFO - Pi's Bluetooth MAC: 88:A2:9E:11:07:1B (will be ignored)
2025-09-07 18:39:11,087 - INFO - Pi's Bluetooth MAC: 88:A2:9E:11:07:1B (will be ignored)
2025-09-07 18:39:24,324 - INFO - Pi's Bluetooth MAC: 88:A2:9E:11:07:1B (will be ignored)
2025-09-07 18:39:37,596 - INFO - Pi's Bluetooth MAC: 88:A2:9E:11:07:1B (will be ignored)
2025-09-07 18:39:50,833 - INFO - Pi's Bluetooth MAC: 88:A2:9E:11:07:1B (will be ignored)
2025-09-07 18:40:04,104 - INFO - Pi's Bluetooth MAC: 88:A2:9E:11:07:1B (will be ignored)
2025-09-07 18:40:17,356 - INFO - Pi's Bluetooth MAC: 88:A2:9E:11:07:1B (will be ignored)
2025-09-07 18:40:30,586 - INFO - Pi's Bluetooth MAC: 88:A2:9E:11:07:1B (will be ignored)
2025-09-07 18:40:43,852 - INFO - Pi's Bluetooth MAC: 88:A2:9E:11:07:1B (will be ignored)
2025-09-07 18:40:57,097 - INFO - Pi's Bluetooth MAC: 88:A2:9E:11:07:1B (will be ignored)
2025-09-07 18:41:10,345 - INFO - Pi's Bluetooth MAC: 88:A2:9E:11:07:1B (will be ignored)
2025-09-07 18:41:23,608 - INFO - Pi's Bluetooth MAC: 88:A2:9E:11:07:1B (will be ignored)
2025-09-07 18:41:36,842 - INFO - Pi's Bluetooth MAC: 88:A2:9E:11:07:1B (will be ignored)
2025-09-07 18:41:50,079 - INFO - Pi's Bluetooth MAC: 88:A2:9E:11:07:1B (will be ignored)
2025-09-07 18:42:03,334 - INFO - Pi's Bluetooth MAC: 88:A2:9E:11:07:1B (will be ignored)
2025-09-07 18:42:16,610 - INFO - Pi's Bluetooth MAC: 88:A2:9E:11:07:1B (will be ignored)
2025-09-07 18:42:29,871 - INFO - Pi's Bluetooth MAC: 88:A2:9E:11:07:1B (will be ignored)
2025-09-07 18:42:43,110 - INFO - Pi's Bluetooth MAC: 88:A2:9E:11:07:1B (will be ignored)
2025-09-07 18:42:56,375 - INFO - Pi's Bluetooth MAC: 88:A2:9E:11:07:1B (will be ignored)
2025-09-07 18:43:09,628 - INFO - Pi's Bluetooth MAC: 88:A2:9E:11:07:1B (will be ignored)
2025-09-07 18:43:22,888 - INFO - Pi's Bluetooth MAC: 88:A2:9E:11:07:1B (will be ignored)
2025-09-07 18:43:36,145 - INFO - Pi's Bluetooth MAC: 88:A2:9E:11:07:1B (will be ignored)
2025-09-07 18:43:49,392 - INFO - Pi's Bluetooth MAC: 88:A2:9E:11:07:1B (will be ignored)
2025-09-07 18:44:02,657 - INFO - Pi's Bluetooth MAC: 88:A2:9E:11:07:1B (will be ignored)
2025-09-07 18:44:15,927 - INFO - Pi's Bluetooth MAC: 88:A2:9E:11:07:1B (will be ignored)
2025-09-07 18:44:29,174 - INFO - Pi's Bluetooth MAC: 88:A2:9E:11:07:1B (will be ignored)
2025-09-07 18:44:42,425 - INFO - Pi's Bluetooth MAC: 88:A2:9E:11:07:1B (will be ignored)
2025-09-07 18:44:55,676 - INFO - Pi's Bluetooth MAC: 88:A2:9E:11:07:1B (will be ignored)
2025-09-07 18:45:08,886 - INFO - Pi's Bluetooth MAC: 88:A2:9E:11:07:1B (will be ignored)
2025-09-07 18:45:22,148 - INFO - Pi's Bluetooth MAC: 88:A2:9E:11:07:1B (will be ignored)
2025-09-07 18:45:35,407 - INFO - Pi's Bluetooth MAC: 88:A2:9E:11:07:1B (will be ignored)
2025-09-07 18:45:48,656 - INFO - Pi's Bluetooth MAC: 88:A2:9E:11:07:1B (will be ignored)
2025-09-07 18:46:01,910 - INFO - Pi's Bluetooth MAC: 88:A2:9E:11:07:1B (will be ignored)
2025-09-07 18:46:15,143 - INFO - Pi's Bluetooth MAC: 88:A2:9E:11:07:1B (will be ignored)
2025-09-07 18:46:28,403 - INFO - Pi's Bluetooth MAC: 88:A2:9E:11:07:1B (will be ignored)
2025-09-07 18:46:41,643 - INFO - Pi's Bluetooth MAC: 88:A2:9E:11:07:1B (will be ignored)
2025-09-07 18:46:54,903 - INFO - Pi's Bluetooth MAC: 88:A2:9E:11:07:1B (will be ignored)
2025-09-07 18:47:08,163 - INFO - Pi's Bluetooth MAC: 88:A2:9E:11:07:1B (will be ignored)
2025-09-07 18:47:21,415 - INFO - Pi's Bluetooth MAC: 88:A2:9E:11:07:1B (will be ignored)
2025-09-07 18:47:34,655 - INFO - Pi's Bluetooth MAC: 88:A2:9E:11:07:1B (will be ignored)
2025-09-07 18:47:47,934 - INFO - Pi's Bluetooth MAC: 88:A2:9E:11:07:1B (will be ignored)
2025-09-07 18:48:01,180 - INFO - Pi's Bluetooth MAC: 88:A2:9E:11:07:1B (will be ignored)
2025-09-07 18:48:14,432 - INFO - Pi's Bluetooth MAC: 88:A2:9E:11:07:1B (will be ignored)
2025-09-07 18:48:27,689 - INFO - Pi's Bluetooth MAC: 88:A2:9E:11:07:1B (will be ignored)
2025-09-07 18:48:40,942 - INFO - Pi's Bluetooth MAC: 88:A2:9E:11:07:1B (will be ignored)
2025-09-07 18:48:54,202 - INFO - Pi's Bluetooth MAC: 88:A2:9E:11:07:1B (will be ignored)
2025-09-07 18:49:07,467 - INFO - Pi's Bluetooth MAC: 88:A2:9E:11:07:1B (will be ignored)
2025-09-07 18:49:20,723 - INFO - Pi's Bluetooth MAC: 88:A2:9E:11:07:1B (will be ignored)
2025-09-07 18:49:33,977 - INFO - Pi's Bluetooth MAC: 88:A2:9E:11:07:1B (will be ignored)
2025-09-07 18:49:36,501 - INFO - Received shutdown signal...
2025-09-07 18:49:36,501 - INFO - 🔥 Shutting down Remote Site IDS...
2025-09-07 18:49:36,502 - INFO - 🔇 Alarm stopped
2025-09-07 18:49:36,502 - INFO - Shutdown complete
🔥  Remote Site Bluetooth Intrusion Detection
==================================================
Mode: Respects web dashboard ARM/DISARM state
Press Ctrl+C to stop
==================================================
:9E:11:07:1B (will be ignored)
2025-09-07 17:58:47,749 - INFO - Pi's Bluetooth MAC: 88:A2:9E:11:07:1B (will be ignored)
2025-09-07 17:58:47,752 - INFO - Pi's Bluetooth MAC: 88:A2:9E:11:07:1B (will be ignored)
2025-09-07 17:59:00,981 - INFO - Pi's Bluetooth MAC: 88:A2:9E:11:07:1B (will be ignored)
2025-09-07 17:59:00,985 - INFO - Pi's Bluetooth MAC: 88:A2:9E:11:07:1B (will be ignored)
2025-09-07 17:59:14,213 - INFO - Pi's Bluetooth MAC: 88:A2:9E:11:07:1B (will be ignored)
2025-09-07 17:59:14,214 - INFO - Pi's Bluetooth MAC: 88:A2:9E:11:07:1B (will be ignored)
2025-09-07 17:59:27,458 - INFO - Pi's Bluetooth MAC: 88:A2:9E:11:07:1B (will be ignored)
2025-09-07 17:59:27,459 - INFO - Pi's Bluetooth MAC: 88:A2:9E:11:07:1B (will be ignored)
2025-09-07 17:59:40,737 - INFO - Pi's Bluetooth MAC: 88:A2:9E:11:07:1B (will be ignored)
2025-09-07 17:59:40,740 - INFO - Pi's Bluetooth MAC: 88:A2:9E:11:07:1B (will be ignored)
2025-09-07 17:59:54,000 - INFO - Pi's Bluetooth MAC: 88:A2:9E:11:07:1B (will be ignored)
2025-09-07 17:59:54,000 - INFO - Pi's Bluetooth MAC: 88:A2:9E:11:07:1B (will be ignored)
2025-09-07 18:00:07,260 - INFO - Pi's Bluetooth MAC: 88:A2:9E:11:07:1B (will be ignored)
2025-09-07 18:00:07,264 - INFO - Pi's Bluetooth MAC: 88:A2:9E:11:07:1B (will be ignored)
2025-09-07 18:00:15,491 - INFO - 🔓 System disarmed - clearing detection state
2025-09-07 18:00:15,494 - INFO - 🔇 Alarm stopped
2025-09-07 18:00:15,495 - INFO - 🔓 System disarmed - clearing detection state
2025-09-07 18:00:15,496 - INFO - 🔇 Alarm stopped
2025-09-07 18:33:00,117 - INFO - Pi's Bluetooth MAC: 88:A2:9E:11:07:1B (will be ignored)
2025-09-07 18:33:00,118 - INFO - 🔍 FIRST DETECTION: 12 device(s) found
2025-09-07 18:33:00,118 - INFO -    Device: Unknown (1B:2B:A9:4E:AC:83) - -100dBm
2025-09-07 18:33:00,119 - INFO -    Device: Unknown (67:27:AC:12:01:5D) - -100dBm
2025-09-07 18:33:00,119 - INFO -    Device: Unknown (10:A7:E5:21:D4:CC) - -100dBm
2025-09-07 18:33:00,119 - INFO -    Device: Unknown (4C:02:42:81:BC:61) - -100dBm
2025-09-07 18:33:00,120 - INFO -    Device: Unknown (5F:5A:B7:A8:38:DE) - -100dBm
2025-09-07 18:33:00,120 - INFO -    Device: Unknown (4E:93:1D:B5:A2:28) - -100dBm
2025-09-07 18:33:00,120 - INFO -    Device: Unknown (69:F6:64:B1:78:33) - -100dBm
2025-09-07 18:33:00,120 - INFO -    Device: Unknown (2B:37:96:66:6F:18) - -100dBm
2025-09-07 18:33:00,121 - INFO -    Device: Unknown (65:8A:EB:63:1C:22) - -100dBm
2025-09-07 18:33:00,121 - INFO - Pi's Bluetooth MAC: 88:A2:9E:11:07:1B (will be ignored)
2025-09-07 18:33:00,121 - INFO -    Device: Unknown (EE:52:DE:AE:53:9F) - -100dBm
2025-09-07 18:33:00,121 - INFO -    Device: Unknown (D3:29:80:22:AA:1C) - -100dBm
2025-09-07 18:33:00,121 - INFO - 🔍 FIRST DETECTION: 12 device(s) found
2025-09-07 18:33:00,122 - INFO -    Device: Unknown (C3:41:1C:62:E9:AC) - -100dBm
2025-09-07 18:33:00,122 - INFO - ⏱️  Devices present for 0.0s (trigger at 45s)
2025-09-07 18:33:00,122 - INFO -    Device: Unknown (1B:2B:A9:4E:AC:83) - -100dBm
2025-09-07 18:33:00,123 - INFO -    Device: Unknown (67:27:AC:12:01:5D) - -100dBm
2025-09-07 18:33:00,123 - INFO -    Device: Unknown (10:A7:E5:21:D4:CC) - -100dBm
2025-09-07 18:33:00,123 - INFO -    Device: Unknown (4C:02:42:81:BC:61) - -100dBm
2025-09-07 18:33:00,123 - INFO -    Device: Unknown (5F:5A:B7:A8:38:DE) - -100dBm
2025-09-07 18:33:00,124 - INFO -    Device: Unknown (4E:93:1D:B5:A2:28) - -100dBm
2025-09-07 18:33:00,124 - INFO -    Device: Unknown (69:F6:64:B1:78:33) - -100dBm
2025-09-07 18:33:00,124 - INFO -    Device: Unknown (2B:37:96:66:6F:18) - -100dBm
2025-09-07 18:33:00,124 - INFO -    Device: Unknown (65:8A:EB:63:1C:22) - -100dBm
2025-09-07 18:33:00,125 - INFO -    Device: Unknown (EE:52:DE:AE:53:9F) - -100dBm
2025-09-07 18:33:00,125 - INFO -    Device: Unknown (D3:29:80:22:AA:1C) - -100dBm
2025-09-07 18:33:00,125 - INFO -    Device: Unknown (C3:41:1C:62:E9:AC) - -100dBm
2025-09-07 18:33:00,125 - INFO - ⏱️  Devices present for 0.0s (trigger at 45s)
2025-09-07 18:33:13,378 - INFO - Pi's Bluetooth MAC: 88:A2:9E:11:07:1B (will be ignored)
2025-09-07 18:33:13,378 - INFO - ⏱️  Devices present for 13.3s (trigger at 45s)
2025-09-07 18:33:13,381 - INFO - Pi's Bluetooth MAC: 88:A2:9E:11:07:1B (will be ignored)
2025-09-07 18:33:13,382 - INFO - ⏱️  Devices present for 13.3s (trigger at 45s)
2025-09-07 18:33:26,625 - INFO - Pi's Bluetooth MAC: 88:A2:9E:11:07:1B (will be ignored)
2025-09-07 18:33:26,626 - INFO - ⏱️  Devices present for 26.5s (trigger at 45s)
2025-09-07 18:33:26,634 - INFO - Pi's Bluetooth MAC: 88:A2:9E:11:07:1B (will be ignored)
2025-09-07 18:33:26,635 - INFO - ⏱️  Devices present for 26.5s (trigger at 45s)
2025-09-07 18:33:39,822 - INFO - Pi's Bluetooth MAC: 88:A2:9E:11:07:1B (will be ignored)
2025-09-07 18:33:39,823 - INFO - ⏱️  Devices present for 39.7s (trigger at 45s)
2025-09-07 18:33:39,824 - INFO - Pi's Bluetooth MAC: 88:A2:9E:11:07:1B (will be ignored)
2025-09-07 18:33:39,824 - INFO - ⏱️  Devices present for 39.7s (trigger at 45s)
2025-09-07 18:33:53,015 - INFO - Pi's Bluetooth MAC: 88:A2:9E:11:07:1B (will be ignored)
2025-09-07 18:33:53,017 - INFO - ⏱️  Devices present for 52.9s (trigger at 45s)
2025-09-07 18:33:53,018 - WARNING - 🚨 ALARM TRIGGERED! 13 device(s) detected for 45+ seconds
2025-09-07 18:33:53,022 - INFO - Pi's Bluetooth MAC: 88:A2:9E:11:07:1B (will be ignored)
2025-09-07 18:33:53,022 - INFO - ⏱️  Devices present for 52.9s (trigger at 45s)
2025-09-07 18:33:53,023 - WARNING - 🚨 ALARM TRIGGERED! 13 device(s) detected for 45+ seconds
2025-09-07 18:33:57,489 - INFO - 📧 Email alert sent!
2025-09-07 18:33:57,603 - INFO - 📧 Email alert sent!
2025-09-07 18:33:58,842 - INFO - 📞 Voice call sent to 0409991376
2025-09-07 18:33:58,842 - INFO - 📞 Voice alerts completed: 1 calls sent
2025-09-07 18:33:59,187 - INFO - 📞 Voice call sent to 0409991376
2025-09-07 18:33:59,187 - INFO - 📞 Voice alerts completed: 1 calls sent
2025-09-07 18:34:02,727 - INFO - 📧 Additional email sent to a.darr@hotmail.com
2025-09-07 18:34:03,162 - INFO - 📧 Additional email sent to a.darr@hotmail.com
2025-09-07 18:34:06,420 - INFO - 📧 Additional email sent to rebelandandrew2@gmail.com
2025-09-07 18:34:06,421 - INFO - 📧 Additional emails completed: 2 emails sent
2025-09-07 18:34:07,286 - INFO - 📧 Additional email sent to rebelandandrew2@gmail.com
2025-09-07 18:34:07,287 - INFO - 📧 Additional emails completed: 2 emails sent
2025-09-07 18:34:19,655 - INFO - Pi's Bluetooth MAC: 88:A2:9E:11:07:1B (will be ignored)
2025-09-07 18:34:20,473 - INFO - Pi's Bluetooth MAC: 88:A2:9E:11:07:1B (will be ignored)
2025-09-07 18:34:32,826 - INFO - Pi's Bluetooth MAC: 88:A2:9E:11:07:1B (will be ignored)
2025-09-07 18:34:33,647 - INFO - Pi's Bluetooth MAC: 88:A2:9E:11:07:1B (will be ignored)
2025-09-07 18:34:46,070 - INFO - Pi's Bluetooth MAC: 88:A2:9E:11:07:1B (will be ignored)
2025-09-07 18:34:46,826 - INFO - Pi's Bluetooth MAC: 88:A2:9E:11:07:1B (will be ignored)
2025-09-07 18:34:59,328 - INFO - Pi's Bluetooth MAC: 88:A2:9E:11:07:1B (will be ignored)
2025-09-07 18:35:00,000 - INFO - Pi's Bluetooth MAC: 88:A2:9E:11:07:1B (will be ignored)
2025-09-07 18:35:12,554 - INFO - Pi's Bluetooth MAC: 88:A2:9E:11:07:1B (will be ignored)
2025-09-07 18:35:13,178 - INFO - Pi's Bluetooth MAC: 88:A2:9E:11:07:1B (will be ignored)
2025-09-07 18:35:25,786 - INFO - Pi's Bluetooth MAC: 88:A2:9E:11:07:1B (will be ignored)
2025-09-07 18:35:26,369 - INFO - Pi's Bluetooth MAC: 88:A2:9E:11:07:1B (will be ignored)
2025-09-07 18:35:39,016 - INFO - Pi's Bluetooth MAC: 88:A2:9E:11:07:1B (will be ignored)
2025-09-07 18:35:39,549 - INFO - Pi's Bluetooth MAC: 88:A2:9E:11:07:1B (will be ignored)
2025-09-07 18:35:52,304 - INFO - Pi's Bluetooth MAC: 88:A2:9E:11:07:1B (will be ignored)
2025-09-07 18:35:52,720 - INFO - Pi's Bluetooth MAC: 88:A2:9E:11:07:1B (will be ignored)
2025-09-07 18:36:05,537 - INFO - Pi's Bluetooth MAC: 88:A2:9E:11:07:1B (will be ignored)
2025-09-07 18:36:05,902 - INFO - Pi's Bluetooth MAC: 88:A2:9E:11:07:1B (will be ignored)
2025-09-07 18:36:18,760 - INFO - Pi's Bluetooth MAC: 88:A2:9E:11:07:1B (will be ignored)
2025-09-07 18:36:19,079 - INFO - Pi's Bluetooth MAC: 88:A2:9E:11:07:1B (will be ignored)
2025-09-07 18:36:31,988 - INFO - Pi's Bluetooth MAC: 88:A2:9E:11:07:1B (will be ignored)
2025-09-07 18:36:32,255 - INFO - Pi's Bluetooth MAC: 88:A2:9E:11:07:1B (will be ignored)
2025-09-07 18:36:45,232 - INFO - Pi's Bluetooth MAC: 88:A2:9E:11:07:1B (will be ignored)
2025-09-07 18:36:45,435 - INFO - Pi's Bluetooth MAC: 88:A2:9E:11:07:1B (will be ignored)
2025-09-07 18:36:58,484 - INFO - Pi's Bluetooth MAC: 88:A2:9E:11:07:1B (will be ignored)
2025-09-07 18:36:58,614 - INFO - Pi's Bluetooth MAC: 88:A2:9E:11:07:1B (will be ignored)
2025-09-07 18:37:11,724 - INFO - Pi's Bluetooth MAC: 88:A2:9E:11:07:1B (will be ignored)
2025-09-07 18:37:11,802 - INFO - Pi's Bluetooth MAC: 88:A2:9E:11:07:1B (will be ignored)
2025-09-07 18:37:24,956 - INFO - Pi's Bluetooth MAC: 88:A2:9E:11:07:1B (will be ignored)
2025-09-07 18:37:24,985 - INFO - Pi's Bluetooth MAC: 88:A2:9E:11:07:1B (will be ignored)
2025-09-07 18:37:38,226 - INFO - Pi's Bluetooth MAC: 88:A2:9E:11:07:1B (will be ignored)
2025-09-07 18:37:38,232 - INFO - Pi's Bluetooth MAC: 88:A2:9E:11:07:1B (will be ignored)
2025-09-07 18:37:51,473 - INFO - Pi's Bluetooth MAC: 88:A2:9E:11:07:1B (will be ignored)
2025-09-07 18:37:51,474 - INFO - Pi's Bluetooth MAC: 88:A2:9E:11:07:1B (will be ignored)
2025-09-07 18:38:04,792 - INFO - Pi's Bluetooth MAC: 88:A2:9E:11:07:1B (will be ignored)
2025-09-07 18:38:04,794 - INFO - Pi's Bluetooth MAC: 88:A2:9E:11:07:1B (will be ignored)
2025-09-07 18:38:18,051 - INFO - Pi's Bluetooth MAC: 88:A2:9E:11:07:1B (will be ignored)
2025-09-07 18:38:18,054 - INFO - Pi's Bluetooth MAC: 88:A2:9E:11:07:1B (will be ignored)
2025-09-07 18:38:31,311 - INFO - Pi's Bluetooth MAC: 88:A2:9E:11:07:1B (will be ignored)
2025-09-07 18:38:31,312 - INFO - Pi's Bluetooth MAC: 88:A2:9E:11:07:1B (will be ignored)
2025-09-07 18:38:44,561 - INFO - Pi's Bluetooth MAC: 88:A2:9E:11:07:1B (will be ignored)
2025-09-07 18:38:44,563 - INFO - Pi's Bluetooth MAC: 88:A2:9E:11:07:1B (will be ignored)
2025-09-07 18:38:57,824 - INFO - Pi's Bluetooth MAC: 88:A2:9E:11:07:1B (will be ignored)
2025-09-07 18:38:57,835 - INFO - Pi's Bluetooth MAC: 88:A2:9E:11:07:1B (will be ignored)
2025-09-07 18:39:11,082 - INFO - Pi's Bluetooth MAC: 88:A2:9E:11:07:1B (will be ignored)
2025-09-07 18:39:11,087 - INFO - Pi's Bluetooth MAC: 88:A2:9E:11:07:1B (will be ignored)
2025-09-07 18:39:24,323 - INFO - Pi's Bluetooth MAC: 88:A2:9E:11:07:1B (will be ignored)
2025-09-07 18:39:24,324 - INFO - Pi's Bluetooth MAC: 88:A2:9E:11:07:1B (will be ignored)
2025-09-07 18:39:37,586 - INFO - Pi's Bluetooth MAC: 88:A2:9E:11:07:1B (will be ignored)
2025-09-07 18:39:37,596 - INFO - Pi's Bluetooth MAC: 88:A2:9E:11:07:1B (will be ignored)
2025-09-07 18:39:50,833 - INFO - Pi's Bluetooth MAC: 88:A2:9E:11:07:1B (will be ignored)
2025-09-07 18:39:50,837 - INFO - Pi's Bluetooth MAC: 88:A2:9E:11:07:1B (will be ignored)
2025-09-07 18:40:04,104 - INFO - Pi's Bluetooth MAC: 88:A2:9E:11:07:1B (will be ignored)
2025-09-07 18:40:04,109 - INFO - Pi's Bluetooth MAC: 88:A2:9E:11:07:1B (will be ignored)
2025-09-07 18:40:17,349 - INFO - Pi's Bluetooth MAC: 88:A2:9E:11:07:1B (will be ignored)
2025-09-07 18:40:17,356 - INFO - Pi's Bluetooth MAC: 88:A2:9E:11:07:1B (will be ignored)
2025-09-07 18:40:30,578 - INFO - Pi's Bluetooth MAC: 88:A2:9E:11:07:1B (will be ignored)
2025-09-07 18:40:30,586 - INFO - Pi's Bluetooth MAC: 88:A2:9E:11:07:1B (will be ignored)
2025-09-07 18:40:43,848 - INFO - Pi's Bluetooth MAC: 88:A2:9E:11:07:1B (will be ignored)
2025-09-07 18:40:43,852 - INFO - Pi's Bluetooth MAC: 88:A2:9E:11:07:1B (will be ignored)
2025-09-07 18:40:57,093 - INFO - Pi's Bluetooth MAC: 88:A2:9E:11:07:1B (will be ignored)
2025-09-07 18:40:57,097 - INFO - Pi's Bluetooth MAC: 88:A2:9E:11:07:1B (will be ignored)
2025-09-07 18:41:10,341 - INFO - Pi's Bluetooth MAC: 88:A2:9E:11:07:1B (will be ignored)
2025-09-07 18:41:10,345 - INFO - Pi's Bluetooth MAC: 88:A2:9E:11:07:1B (will be ignored)
2025-09-07 18:41:23,607 - INFO - Pi's Bluetooth MAC: 88:A2:9E:11:07:1B (will be ignored)
2025-09-07 18:41:23,608 - INFO - Pi's Bluetooth MAC: 88:A2:9E:11:07:1B (will be ignored)
2025-09-07 18:41:36,840 - INFO - Pi's Bluetooth MAC: 88:A2:9E:11:07:1B (will be ignored)
2025-09-07 18:41:36,842 - INFO - Pi's Bluetooth MAC: 88:A2:9E:11:07:1B (will be ignored)
2025-09-07 18:41:50,075 - INFO - Pi's Bluetooth MAC: 88:A2:9E:11:07:1B (will be ignored)
2025-09-07 18:41:50,079 - INFO - Pi's Bluetooth MAC: 88:A2:9E:11:07:1B (will be ignored)
2025-09-07 18:42:03,334 - INFO - Pi's Bluetooth MAC: 88:A2:9E:11:07:1B (will be ignored)
2025-09-07 18:42:03,336 - INFO - Pi's Bluetooth MAC: 88:A2:9E:11:07:1B (will be ignored)
2025-09-07 18:42:16,608 - INFO - Pi's Bluetooth MAC: 88:A2:9E:11:07:1B (will be ignored)
2025-09-07 18:42:16,610 - INFO - Pi's Bluetooth MAC: 88:A2:9E:11:07:1B (will be ignored)
2025-09-07 18:42:29,871 - INFO - Pi's Bluetooth MAC: 88:A2:9E:11:07:1B (will be ignored)
2025-09-07 18:42:29,873 - INFO - Pi's Bluetooth MAC: 88:A2:9E:11:07:1B (will be ignored)
2025-09-07 18:42:43,110 - INFO - Pi's Bluetooth MAC: 88:A2:9E:11:07:1B (will be ignored)
2025-09-07 18:42:43,117 - INFO - Pi's Bluetooth MAC: 88:A2:9E:11:07:1B (will be ignored)
2025-09-07 18:42:56,375 - INFO - Pi's Bluetooth MAC: 88:A2:9E:11:07:1B (will be ignored)
2025-09-07 18:42:56,377 - INFO - Pi's Bluetooth MAC: 88:A2:9E:11:07:1B (will be ignored)
2025-09-07 18:43:09,626 - INFO - Pi's Bluetooth MAC: 88:A2:9E:11:07:1B (will be ignored)
2025-09-07 18:43:09,628 - INFO - Pi's Bluetooth MAC: 88:A2:9E:11:07:1B (will be ignored)
2025-09-07 18:43:22,888 - INFO - Pi's Bluetooth MAC: 88:A2:9E:11:07:1B (will be ignored)
2025-09-07 18:43:22,888 - INFO - Pi's Bluetooth MAC: 88:A2:9E:11:07:1B (will be ignored)
2025-09-07 18:43:36,145 - INFO - Pi's Bluetooth MAC: 88:A2:9E:11:07:1B (will be ignored)
2025-09-07 18:43:36,146 - INFO - Pi's Bluetooth MAC: 88:A2:9E:11:07:1B (will be ignored)
2025-09-07 18:43:49,390 - INFO - Pi's Bluetooth MAC: 88:A2:9E:11:07:1B (will be ignored)
2025-09-07 18:43:49,392 - INFO - Pi's Bluetooth MAC: 88:A2:9E:11:07:1B (will be ignored)
2025-09-07 18:44:02,647 - INFO - Pi's Bluetooth MAC: 88:A2:9E:11:07:1B (will be ignored)
2025-09-07 18:44:02,657 - INFO - Pi's Bluetooth MAC: 88:A2:9E:11:07:1B (will be ignored)
2025-09-07 18:44:15,926 - INFO - Pi's Bluetooth MAC: 88:A2:9E:11:07:1B (will be ignored)
2025-09-07 18:44:15,927 - INFO - Pi's Bluetooth MAC: 88:A2:9E:11:07:1B (will be ignored)
2025-09-07 18:44:29,174 - INFO - Pi's Bluetooth MAC: 88:A2:9E:11:07:1B (will be ignored)
2025-09-07 18:44:29,175 - INFO - Pi's Bluetooth MAC: 88:A2:9E:11:07:1B (will be ignored)
2025-09-07 18:44:42,425 - INFO - Pi's Bluetooth MAC: 88:A2:9E:11:07:1B (will be ignored)
2025-09-07 18:44:42,430 - INFO - Pi's Bluetooth MAC: 88:A2:9E:11:07:1B (will be ignored)
2025-09-07 18:44:55,676 - INFO - Pi's Bluetooth MAC: 88:A2:9E:11:07:1B (will be ignored)
2025-09-07 18:44:55,676 - INFO - Pi's Bluetooth MAC: 88:A2:9E:11:07:1B (will be ignored)
2025-09-07 18:45:08,886 - INFO - Pi's Bluetooth MAC: 88:A2:9E:11:07:1B (will be ignored)
2025-09-07 18:45:08,886 - INFO - Pi's Bluetooth MAC: 88:A2:9E:11:07:1B (will be ignored)
2025-09-07 18:45:22,147 - INFO - Pi's Bluetooth MAC: 88:A2:9E:11:07:1B (will be ignored)
2025-09-07 18:45:22,148 - INFO - Pi's Bluetooth MAC: 88:A2:9E:11:07:1B (will be ignored)
2025-09-07 18:45:35,406 - INFO - Pi's Bluetooth MAC: 88:A2:9E:11:07:1B (will be ignored)
2025-09-07 18:45:35,407 - INFO - Pi's Bluetooth MAC: 88:A2:9E:11:07:1B (will be ignored)
2025-09-07 18:45:48,656 - INFO - Pi's Bluetooth MAC: 88:A2:9E:11:07:1B (will be ignored)
2025-09-07 18:45:48,658 - INFO - Pi's Bluetooth MAC: 88:A2:9E:11:07:1B (will be ignored)
2025-09-07 18:46:01,907 - INFO - Pi's Bluetooth MAC: 88:A2:9E:11:07:1B (will be ignored)
2025-09-07 18:46:01,910 - INFO - Pi's Bluetooth MAC: 88:A2:9E:11:07:1B (will be ignored)
2025-09-07 18:46:15,143 - INFO - Pi's Bluetooth MAC: 88:A2:9E:11:07:1B (will be ignored)
2025-09-07 18:46:15,143 - INFO - Pi's Bluetooth MAC: 88:A2:9E:11:07:1B (will be ignored)
2025-09-07 18:46:28,399 - INFO - Pi's Bluetooth MAC: 88:A2:9E:11:07:1B (will be ignored)
2025-09-07 18:46:28,403 - INFO - Pi's Bluetooth MAC: 88:A2:9E:11:07:1B (will be ignored)
2025-09-07 18:46:41,643 - INFO - Pi's Bluetooth MAC: 88:A2:9E:11:07:1B (will be ignored)
2025-09-07 18:46:41,643 - INFO - Pi's Bluetooth MAC: 88:A2:9E:11:07:1B (will be ignored)
2025-09-07 18:46:54,903 - INFO - Pi's Bluetooth MAC: 88:A2:9E:11:07:1B (will be ignored)
2025-09-07 18:46:54,903 - INFO - Pi's Bluetooth MAC: 88:A2:9E:11:07:1B (will be ignored)
2025-09-07 18:47:08,161 - INFO - Pi's Bluetooth MAC: 88:A2:9E:11:07:1B (will be ignored)
2025-09-07 18:47:08,163 - INFO - Pi's Bluetooth MAC: 88:A2:9E:11:07:1B (will be ignored)
2025-09-07 18:47:21,415 - INFO - Pi's Bluetooth MAC: 88:A2:9E:11:07:1B (will be ignored)
2025-09-07 18:47:21,417 - INFO - Pi's Bluetooth MAC: 88:A2:9E:11:07:1B (will be ignored)
2025-09-07 18:47:34,655 - INFO - Pi's Bluetooth MAC: 88:A2:9E:11:07:1B (will be ignored)
2025-09-07 18:47:34,657 - INFO - Pi's Bluetooth MAC: 88:A2:9E:11:07:1B (will be ignored)
2025-09-07 18:47:47,934 - INFO - Pi's Bluetooth MAC: 88:A2:9E:11:07:1B (will be ignored)
2025-09-07 18:47:47,934 - INFO - Pi's Bluetooth MAC: 88:A2:9E:11:07:1B (will be ignored)
2025-09-07 18:48:01,175 - INFO - Pi's Bluetooth MAC: 88:A2:9E:11:07:1B (will be ignored)
2025-09-07 18:48:01,180 - INFO - Pi's Bluetooth MAC: 88:A2:9E:11:07:1B (will be ignored)
2025-09-07 18:48:14,432 - INFO - Pi's Bluetooth MAC: 88:A2:9E:11:07:1B (will be ignored)
2025-09-07 18:48:14,432 - INFO - Pi's Bluetooth MAC: 88:A2:9E:11:07:1B (will be ignored)
2025-09-07 18:48:27,689 - INFO - Pi's Bluetooth MAC: 88:A2:9E:11:07:1B (will be ignored)
2025-09-07 18:48:27,691 - INFO - Pi's Bluetooth MAC: 88:A2:9E:11:07:1B (will be ignored)
2025-09-07 18:48:40,942 - INFO - Pi's Bluetooth MAC: 88:A2:9E:11:07:1B (will be ignored)
2025-09-07 18:48:40,942 - INFO - Pi's Bluetooth MAC: 88:A2:9E:11:07:1B (will be ignored)
2025-09-07 18:48:54,200 - INFO - Pi's Bluetooth MAC: 88:A2:9E:11:07:1B (will be ignored)
2025-09-07 18:48:54,202 - INFO - Pi's Bluetooth MAC: 88:A2:9E:11:07:1B (will be ignored)
2025-09-07 18:49:07,467 - INFO - Pi's Bluetooth MAC: 88:A2:9E:11:07:1B (will be ignored)
2025-09-07 18:49:07,467 - INFO - Pi's Bluetooth MAC: 88:A2:9E:11:07:1B (will be ignored)
2025-09-07 18:49:20,717 - INFO - Pi's Bluetooth MAC: 88:A2:9E:11:07:1B (will be ignored)
2025-09-07 18:49:20,723 - INFO - Pi's Bluetooth MAC: 88:A2:9E:11:07:1B (will be ignored)
2025-09-07 18:49:33,977 - INFO - Pi's Bluetooth MAC: 88:A2:9E:11:07:1B (will be ignored)
2025-09-07 18:49:33,977 - INFO - Pi's Bluetooth MAC: 88:A2:9E:11:07:1B (will be ignored)
2025-09-07 18:49:36,292 - INFO - Received shutdown signal...
2025-09-07 18:49:36,293 - INFO - 🔥 Shutting down Remote Site IDS...
2025-09-07 18:49:36,293 - INFO - Shutdown complete
2025-09-07 18:49:36,501 - INFO - Received shutdown signal...
2025-09-07 18:49:36,501 - INFO - 🔥 Shutting down Remote Site IDS...
2025-09-07 18:49:36,501 - INFO - Received shutdown signal...
2025-09-07 18:49:36,502 - INFO - 🔇 Alarm stopped
2025-09-07 18:49:36,502 - INFO - 🔥 Shutting down Remote Site IDS...
2025-09-07 18:49:36,502 - INFO - Shutdown complete
2025-09-07 18:49:36,502 - INFO - 🔇 Alarm stopped
2025-09-07 18:49:36,502 - INFO - Shutdown complete
2025-09-07 18:49:58,665 - INFO - GPIO setup complete - Pin 18 ready
2025-09-07 18:49:58,665 - INFO - 🔥  Remote Site Bluetooth IDS Started
2025-09-07 18:49:58,665 - INFO - ⚙️  Configuration: 45s trigger, 0s alarm duration
2025-09-07 18:49:58,666 - INFO - 👀 Monitoring for Bluetooth devices...
2025-09-07 18:50:04,092 - INFO - Pi's Bluetooth MAC: 88:A2:9E:11:07:1B (will be ignored)
2025-09-07 18:50:04,093 - INFO - 🔍 FIRST DETECTION: 11 device(s) found
2025-09-07 18:50:04,094 - INFO -    Device: Unknown (1C:7D:41:11:F7:C4) - -100dBm
2025-09-07 18:50:04,094 - INFO -    Device: Unknown (58:DE:2F:E5:01:97) - -100dBm
2025-09-07 18:50:04,097 - INFO -    Device: Unknown (6E:B7:BE:63:6C:67) - -100dBm
2025-09-07 18:50:04,098 - INFO -    Device: Unknown (68:4E:73:58:A2:4A) - -100dBm
2025-09-07 18:50:04,098 - INFO -    Device: Unknown (0E:25:76:A8:BE:DE) - -100dBm
2025-09-07 18:50:04,099 - INFO -    Device: Unknown (4C:28:9D:7E:DC:13) - -100dBm
2025-09-07 18:50:04,099 - INFO -    Device: Unknown (6B:53:FD:2C:57:24) - -100dBm
2025-09-07 18:50:04,100 - INFO -    Device: Unknown (7E:55:1A:A8:BF:55) - -100dBm
2025-09-07 18:50:04,100 - INFO -    Device: Unknown (EE:52:DE:AE:53:9F) - -100dBm
2025-09-07 18:50:04,100 - INFO -    Device: Unknown (C3:41:1C:62:E9:AC) - -100dBm
2025-09-07 18:50:04,101 - INFO -    Device: Unknown (2C:4E:6E:93:99:73) - -100dBm
2025-09-07 18:50:04,101 - INFO - ⏱️  Devices present for 0.0s (trigger at 45s)
2025-09-07 18:50:17,359 - INFO - Pi's Bluetooth MAC: 88:A2:9E:11:07:1B (will be ignored)
2025-09-07 18:50:17,360 - INFO - ⏱️  Devices present for 13.3s (trigger at 45s)
2025-09-07 18:50:30,611 - INFO - Pi's Bluetooth MAC: 88:A2:9E:11:07:1B (will be ignored)
2025-09-07 18:50:30,612 - INFO - ⏱️  Devices present for 26.5s (trigger at 45s)
2025-09-07 18:50:43,870 - INFO - Pi's Bluetooth MAC: 88:A2:9E:11:07:1B (will be ignored)
2025-09-07 18:50:43,871 - INFO - ⏱️  Devices present for 39.8s (trigger at 45s)
2025-09-07 18:50:57,099 - INFO - Pi's Bluetooth MAC: 88:A2:9E:11:07:1B (will be ignored)
2025-09-07 18:50:57,100 - INFO - ⏱️  Devices present for 53.0s (trigger at 45s)
2025-09-07 18:50:57,100 - WARNING - 🚨 ALARM TRIGGERED! 12 device(s) detected for 45+ seconds
2025-09-07 18:51:01,161 - INFO - 📧 Email alert sent!
2025-09-07 18:51:02,104 - INFO - 📞 Voice call sent to 0409991376
2025-09-07 18:51:02,105 - INFO - 📞 Voice alerts completed: 1 calls sent
2025-09-07 18:51:05,821 - INFO - 📧 Additional email sent to a.darr@hotmail.com
2025-09-07 18:51:09,539 - INFO - 📧 Additional email sent to rebelandandrew2@gmail.com
2025-09-07 18:51:09,539 - INFO - 📧 Additional emails completed: 2 emails sent
2025-09-07 18:51:22,803 - INFO - Pi's Bluetooth MAC: 88:A2:9E:11:07:1B (will be ignored)
2025-09-07 18:51:36,071 - INFO - Pi's Bluetooth MAC: 88:A2:9E:11:07:1B (will be ignored)
2025-09-07 18:51:49,334 - INFO - Pi's Bluetooth MAC: 88:A2:9E:11:07:1B (will be ignored)
2025-09-07 18:52:02,597 - INFO - Pi's Bluetooth MAC: 88:A2:9E:11:07:1B (will be ignored)
2025-09-07 18:52:15,856 - INFO - Pi's Bluetooth MAC: 88:A2:9E:11:07:1B (will be ignored)
2025-09-07 18:52:29,115 - INFO - Pi's Bluetooth MAC: 88:A2:9E:11:07:1B (will be ignored)
2025-09-07 18:52:42,384 - INFO - Pi's Bluetooth MAC: 88:A2:9E:11:07:1B (will be ignored)
2025-09-07 18:52:55,651 - INFO - Pi's Bluetooth MAC: 88:A2:9E:11:07:1B (will be ignored)
2025-09-07 18:53:08,916 - INFO - Pi's Bluetooth MAC: 88:A2:9E:11:07:1B (will be ignored)
2025-09-07 18:53:22,186 - INFO - Pi's Bluetooth MAC: 88:A2:9E:11:07:1B (will be ignored)
2025-09-07 18:53:35,445 - INFO - Pi's Bluetooth MAC: 88:A2:9E:11:07:1B (will be ignored)
2025-09-07 18:53:48,708 - INFO - Pi's Bluetooth MAC: 88:A2:9E:11:07:1B (will be ignored)
2025-09-07 18:54:01,967 - INFO - Pi's Bluetooth MAC: 88:A2:9E:11:07:1B (will be ignored)
2025-09-07 18:54:15,223 - INFO - Pi's Bluetooth MAC: 88:A2:9E:11:07:1B (will be ignored)
2025-09-07 18:54:28,502 - INFO - Pi's Bluetooth MAC: 88:A2:9E:11:07:1B (will be ignored)
2025-09-07 18:54:41,756 - INFO - Pi's Bluetooth MAC: 88:A2:9E:11:07:1B (will be ignored)
2025-09-07 18:54:54,964 - INFO - Pi's Bluetooth MAC: 88:A2:9E:11:07:1B (will be ignored)
2025-09-07 18:55:08,239 - INFO - Pi's Bluetooth MAC: 88:A2:9E:11:07:1B (will be ignored)
2025-09-07 18:55:21,505 - INFO - Pi's Bluetooth MAC: 88:A2:9E:11:07:1B (will be ignored)
2025-09-07 18:55:34,777 - INFO - Pi's Bluetooth MAC: 88:A2:9E:11:07:1B (will be ignored)
2025-09-07 18:55:48,056 - INFO - Pi's Bluetooth MAC: 88:A2:9E:11:07:1B (will be ignored)
2025-09-07 18:56:01,307 - INFO - Pi's Bluetooth MAC: 88:A2:9E:11:07:1B (will be ignored)
2025-09-07 18:56:14,571 - INFO - Pi's Bluetooth MAC: 88:A2:9E:11:07:1B (will be ignored)
2025-09-07 18:56:27,846 - INFO - Pi's Bluetooth MAC: 88:A2:9E:11:07:1B (will be ignored)
2025-09-07 18:56:41,111 - INFO - Pi's Bluetooth MAC: 88:A2:9E:11:07:1B (will be ignored)
2025-09-07 18:56:54,372 - INFO - Pi's Bluetooth MAC: 88:A2:9E:11:07:1B (will be ignored)
2025-09-07 18:57:07,640 - INFO - Pi's Bluetooth MAC: 88:A2:9E:11:07:1B (will be ignored)
2025-09-07 18:57:20,930 - INFO - Pi's Bluetooth MAC: 88:A2:9E:11:07:1B (will be ignored)
2025-09-07 18:57:34,186 - INFO - Pi's Bluetooth MAC: 88:A2:9E:11:07:1B (will be ignored)
2025-09-07 18:57:47,459 - INFO - Pi's Bluetooth MAC: 88:A2:9E:11:07:1B (will be ignored)
2025-09-07 18:58:00,762 - INFO - Pi's Bluetooth MAC: 88:A2:9E:11:07:1B (will be ignored)
2025-09-07 18:58:14,028 - INFO - Pi's Bluetooth MAC: 88:A2:9E:11:07:1B (will be ignored)
2025-09-07 18:58:27,305 - INFO - Pi's Bluetooth MAC: 88:A2:9E:11:07:1B (will be ignored)
2025-09-07 18:58:40,561 - INFO - Pi's Bluetooth MAC: 88:A2:9E:11:07:1B (will be ignored)
2025-09-07 18:58:53,838 - INFO - Pi's Bluetooth MAC: 88:A2:9E:11:07:1B (will be ignored)
2025-09-07 18:59:07,101 - INFO - Pi's Bluetooth MAC: 88:A2:9E:11:07:1B (will be ignored)
2025-09-07 18:59:20,355 - INFO - Pi's Bluetooth MAC: 88:A2:9E:11:07:1B (will be ignored)
2025-09-07 18:59:33,613 - INFO - Pi's Bluetooth MAC: 88:A2:9E:11:07:1B (will be ignored)
2025-09-07 18:59:46,878 - INFO - Pi's Bluetooth MAC: 88:A2:9E:11:07:1B (will be ignored)
2025-09-07 19:00:00,143 - INFO - Pi's Bluetooth MAC: 88:A2:9E:11:07:1B (will be ignored)
2025-09-07 19:00:13,425 - INFO - Pi's Bluetooth MAC: 88:A2:9E:11:07:1B (will be ignored)
2025-09-07 19:00:26,672 - INFO - Pi's Bluetooth MAC: 88:A2:9E:11:07:1B (will be ignored)
2025-09-07 19:00:39,884 - INFO - Pi's Bluetooth MAC: 88:A2:9E:11:07:1B (will be ignored)
2025-09-07 19:00:53,130 - INFO - Pi's Bluetooth MAC: 88:A2:9E:11:07:1B (will be ignored)
2025-09-07 19:01:06,372 - INFO - Pi's Bluetooth MAC: 88:A2:9E:11:07:1B (will be ignored)
2025-09-07 19:01:19,636 - INFO - Pi's Bluetooth MAC: 88:A2:9E:11:07:1B (will be ignored)
2025-09-07 19:01:32,891 - INFO - Pi's Bluetooth MAC: 88:A2:9E:11:07:1B (will be ignored)
2025-09-07 19:01:46,086 - INFO - Pi's Bluetooth MAC: 88:A2:9E:11:07:1B (will be ignored)
2025-09-07 19:01:59,373 - INFO - Pi's Bluetooth MAC: 88:A2:9E:11:07:1B (will be ignored)
2025-09-07 19:02:12,662 - INFO - Pi's Bluetooth MAC: 88:A2:9E:11:07:1B (will be ignored)
2025-09-07 19:02:25,926 - INFO - Pi's Bluetooth MAC: 88:A2:9E:11:07:1B (will be ignored)
2025-09-07 19:02:39,189 - INFO - Pi's Bluetooth MAC: 88:A2:9E:11:07:1B (will be ignored)
2025-09-07 19:02:52,460 - INFO - Pi's Bluetooth MAC: 88:A2:9E:11:07:1B (will be ignored)
2025-09-07 19:03:05,943 - INFO - Pi's Bluetooth MAC: 88:A2:9E:11:07:1B (will be ignored)
2025-09-07 19:03:19,142 - INFO - Pi's Bluetooth MAC: 88:A2:9E:11:07:1B (will be ignored)
2025-09-07 19:03:32,405 - INFO - Pi's Bluetooth MAC: 88:A2:9E:11:07:1B (will be ignored)
2025-09-07 19:03:45,669 - INFO - Pi's Bluetooth MAC: 88:A2:9E:11:07:1B (will be ignored)
2025-09-07 19:03:58,944 - INFO - Pi's Bluetooth MAC: 88:A2:9E:11:07:1B (will be ignored)
2025-09-07 19:04:12,226 - INFO - Pi's Bluetooth MAC: 88:A2:9E:11:07:1B (will be ignored)
2025-09-07 19:04:25,482 - INFO - Pi's Bluetooth MAC: 88:A2:9E:11:07:1B (will be ignored)
2025-09-07 19:04:38,735 - INFO - Pi's Bluetooth MAC: 88:A2:9E:11:07:1B (will be ignored)
2025-09-07 19:04:51,986 - INFO - Pi's Bluetooth MAC: 88:A2:9E:11:07:1B (will be ignored)
2025-09-07 19:05:05,258 - INFO - Pi's Bluetooth MAC: 88:A2:9E:11:07:1B (will be ignored)
2025-09-07 19:05:18,518 - INFO - Pi's Bluetooth MAC: 88:A2:9E:11:07:1B (will be ignored)
2025-09-07 19:05:31,780 - INFO - Pi's Bluetooth MAC: 88:A2:9E:11:07:1B (will be ignored)
